<?xml version="1.0" encoding="UTF-8"?>
<!-- Generated by org.testng.reporters.JUnitReportReporter -->
<testsuite hostname="Debu" failures="0" tests="1" name="TestRunner.MyTestRunner" time="42.192" errors="0" timestamp="2025-08-26T09:58:41 IST" skipped="0">
  <testcase classname="TestRunner.MyTestRunner" name="runScenario" time="42.192"/>
</testsuite> <!-- TestRunner.MyTestRunner -->
