<?xml version="1.0" encoding="UTF-8"?>
<!-- Generated by org.testng.reporters.JUnitReportReporter -->
<testsuite hostname="Debu" failures="0" tests="1" name="TestRunner.MyTestRunner" time="43.360" errors="0" timestamp="2025-08-26T10:16:49 IST" skipped="0">
  <testcase classname="TestRunner.MyTestRunner" name="runScenario" time="43.360"/>
</testsuite> <!-- TestRunner.MyTestRunner -->
